<?xml version="1.0" encoding="UTF-8"?>
<!-- Generated by org.testng.reporters.JUnitReportReporter -->
<testsuite hostname="Bhargavi" failures="0" tests="2" name="dependenciesAndGrouping.grouping.PaymentTests" time="0.016" errors="0" timestamp="2026-02-13T10:53:28 IST" skipped="0">
  <testcase classname="dependenciesAndGrouping.grouping.PaymentTests" name="paymentInDollars" time="0.014"/>
  <testcase classname="dependenciesAndGrouping.grouping.PaymentTests" name="paymentInRupees" time="0.002"/>
</testsuite> <!-- dependenciesAndGrouping.grouping.PaymentTests -->
