<?xml version="1.0" encoding="UTF-8"?>
<!-- Generated by org.testng.reporters.JUnitReportReporter -->
<testsuite hostname="Bhargavi" failures="0" tests="3" name="dependenciesAndGrouping.grouping.SignUpTests" time="0.014" errors="0" timestamp="2026-02-13T10:51:24 IST" skipped="0">
  <testcase classname="dependenciesAndGrouping.grouping.SignUpTests" name="signupWithInstagram" time="0.001"/>
  <testcase classname="dependenciesAndGrouping.grouping.SignUpTests" name="signupWithEmail" time="0.010"/>
  <testcase classname="dependenciesAndGrouping.grouping.SignUpTests" name="signupWithFacebook" time="0.003"/>
</testsuite> <!-- dependenciesAndGrouping.grouping.SignUpTests -->
