<?xml version="1.0" encoding="UTF-8"?>
<!-- Generated by org.testng.reporters.JUnitReportReporter -->
<testsuite hostname="Bhargavi" failures="0" tests="4" name="dataproviderAndParallelTesting.ParameterTest" time="0.993" errors="0" timestamp="2026-02-14T13:21:45 IST" skipped="0">
  <testcase classname="dataproviderAndParallelTesting.ParameterTest" name="testlogo" time="0.025"/>
  <testcase classname="dataproviderAndParallelTesting.ParameterTest" name="testlogo" time="0.942"/>
  <testcase classname="dataproviderAndParallelTesting.ParameterTest" name="testURL" time="0.011"/>
  <testcase classname="dataproviderAndParallelTesting.ParameterTest" name="testURL" time="0.015"/>
</testsuite> <!-- dataproviderAndParallelTesting.ParameterTest -->
