<?xml version="1.0" encoding="UTF-8"?>
<!-- Generated by org.testng.reporters.JUnitReportReporter -->
<testsuite hostname="Bhargavi" failures="0" tests="2" name="annotations.beforeAndAfterSuite.ClassA" time="0.011" errors="0" timestamp="2026-02-12T15:53:24 IST" skipped="0">
  <testcase classname="annotations.beforeAndAfterSuite.ClassA" name="m1" time="0.002"/>
  <testcase classname="annotations.beforeAndAfterSuite.ClassA" name="m1" time="0.009"/>
</testsuite> <!-- annotations.beforeAndAfterSuite.ClassA -->
