<?xml version="1.0" encoding="UTF-8"?>
<!-- Generated by org.testng.reporters.JUnitReportReporter -->
<testsuite hostname="Bhargavi" failures="0" tests="2" name="annotations.BeforeAndAfterMethod" time="0.019" errors="0" timestamp="2026-02-12T15:23:19 IST" skipped="0">
  <testcase classname="annotations.BeforeAndAfterMethod" name="search" time="0.014"/>
  <testcase classname="annotations.BeforeAndAfterMethod" name="advancedSearch" time="0.005"/>
</testsuite> <!-- annotations.BeforeAndAfterMethod -->
