<?xml version="1.0" encoding="UTF-8"?>
<!-- Generated by org.testng.reporters.JUnitReportReporter -->
<testsuite hostname="Bhargavi" failures="0" tests="4" name="basics.OrangeHRMTest" time="9.472" errors="0" timestamp="2026-02-11T20:17:59 IST" skipped="0">
  <testcase classname="basics.OrangeHRMTest" name="openApplication" time="5.802"/>
  <testcase classname="basics.OrangeHRMTest" name="login" time="0.793"/>
  <testcase classname="basics.OrangeHRMTest" name="logoTest" time="2.743"/>
  <testcase classname="basics.OrangeHRMTest" name="logout" time="0.134"/>
</testsuite> <!-- basics.OrangeHRMTest -->
