<?xml version="1.0" encoding="UTF-8"?>
<!-- Generated by org.testng.reporters.JUnitReportReporter -->
<testsuite hostname="Bhargavi" failures="0" tests="2" name="annotations.beforeAndAfterSuite.ClassB" time="0.006" errors="0" timestamp="2026-02-12T15:53:24 IST" skipped="0">
  <testcase classname="annotations.beforeAndAfterSuite.ClassB" name="m2" time="0.003"/>
  <testcase classname="annotations.beforeAndAfterSuite.ClassB" name="m2" time="0.003"/>
</testsuite> <!-- annotations.beforeAndAfterSuite.ClassB -->
