<?xml version="1.0" encoding="UTF-8"?>
<!-- Generated by org.testng.reporters.JUnitReportReporter -->
<testsuite hostname="Bhargavi" failures="0" tests="3" name="dependenciesAndGrouping.grouping.LoginTests" time="0.020" errors="0" timestamp="2026-02-13T10:51:37 IST" skipped="0">
  <testcase classname="dependenciesAndGrouping.grouping.LoginTests" name="loginWithInstagram" time="0.002"/>
  <testcase classname="dependenciesAndGrouping.grouping.LoginTests" name="loginWithEmail" time="0.016"/>
  <testcase classname="dependenciesAndGrouping.grouping.LoginTests" name="loginWithFacebook" time="0.002"/>
</testsuite> <!-- dependenciesAndGrouping.grouping.LoginTests -->
