<?xml version="1.0" encoding="UTF-8"?>
<!-- Generated by org.testng.reporters.JUnitReportReporter -->
<testsuite hostname="Bhargavi" failures="0" tests="2" name="annotations.beforeAndAfterTest.ClassA" time="0.011" errors="0" timestamp="2026-02-12T15:52:00 IST" skipped="0">
  <testcase classname="annotations.beforeAndAfterTest.ClassA" name="m1" time="0.003"/>
  <testcase classname="annotations.beforeAndAfterTest.ClassA" name="m1" time="0.008"/>
</testsuite> <!-- annotations.beforeAndAfterTest.ClassA -->
