<?xml version="1.0" encoding="UTF-8"?>
<!-- Generated by org.testng.reporters.JUnitReportReporter -->
<testsuite hostname="Bhargavi" failures="0" tests="4" name="OrangeHRMTest" time="16.312" errors="0" timestamp="2026-02-11T19:54:39 IST" skipped="0">
  <testcase classname="OrangeHRMTest" name="openApplication" time="9.508"/>
  <testcase classname="OrangeHRMTest" name="login" time="1.603"/>
  <testcase classname="OrangeHRMTest" name="logoTest" time="5.046"/>
  <testcase classname="OrangeHRMTest" name="logout" time="0.155"/>
</testsuite> <!-- OrangeHRMTest -->
