<?xml version="1.0" encoding="UTF-8"?>
<!-- Generated by org.testng.reporters.JUnitXMLReporter -->
<testsuite ignored="0" hostname="Bhargavi" failures="1" tests="3" name="Test" time="13.945" errors="0" timestamp="2026-02-16T09:51:16 IST">
  <testcase classname="listenersAndExtentReports.OrangeHRMTest" name="testLogo" time="3.069"/>
  <testcase classname="listenersAndExtentReports.OrangeHRMTest" name="testUrl" time="0.019">
    <failure type="java.lang.AssertionError" message="expected [https://opensource-demo.orangehrmlive.com] but found [https://opensource-demo.orangehrmlive.com/web/index.php/auth/login]">
      <![CDATA[java.lang.AssertionError: expected [https://opensource-demo.orangehrmlive.com] but found [https://opensource-demo.orangehrmlive.com/web/index.php/auth/login]
at listenersAndExtentReports.OrangeHRMTest.testUrl(OrangeHRMTest.java:33)
at java.base/java.util.ArrayList.forEach(ArrayList.java:1596)
... Removed 31 stack frames]]>
    </failure>
  </testcase> <!-- testUrl -->
  <testcase classname="listenersAndExtentReports.OrangeHRMTest" name="testTitle" time="0.0">
    <skipped/>
  </testcase> <!-- testTitle -->
</testsuite> <!-- Test -->
