<?xml version="1.0" encoding="UTF-8"?>
<!-- Generated by org.testng.reporters.JUnitXMLReporter -->
<testsuite ignored="6" hostname="Bhargavi" failures="0" tests="2" name="groupingTests" time="0.063" errors="0" timestamp="2026-02-13T10:53:28 IST">
  <testcase classname="dependenciesAndGrouping.grouping.PaymentTests" name="paymentInDollars" time="0.014"/>
  <testcase classname="dependenciesAndGrouping.grouping.PaymentTests" name="paymentInRupees" time="0.002"/>
  <testcase classname="dependenciesAndGrouping.grouping.SignUpTests" name="signupWithInstagram" time="0.0">
    <ignored/>
  </testcase> <!-- signupWithInstagram -->
  <testcase classname="dependenciesAndGrouping.grouping.SignUpTests" name="signupWithEmail" time="0.0">
    <ignored/>
  </testcase> <!-- signupWithEmail -->
  <testcase classname="dependenciesAndGrouping.grouping.LoginTests" name="loginWithFacebook" time="0.0">
    <ignored/>
  </testcase> <!-- loginWithFacebook -->
  <testcase classname="dependenciesAndGrouping.grouping.LoginTests" name="loginWithInstagram" time="0.0">
    <ignored/>
  </testcase> <!-- loginWithInstagram -->
  <testcase classname="dependenciesAndGrouping.grouping.LoginTests" name="loginWithEmail" time="0.0">
    <ignored/>
  </testcase> <!-- loginWithEmail -->
  <testcase classname="dependenciesAndGrouping.grouping.SignUpTests" name="signupWithFacebook" time="0.0">
    <ignored/>
  </testcase> <!-- signupWithFacebook -->
</testsuite> <!-- groupingTests -->
