<?xml version="1.0" encoding="UTF-8"?>
<!-- Generated by org.testng.reporters.JUnitReportReporter -->
<testsuite hostname="Bhargavi" failures="0" tests="2" name="testCases.TC001_AccountRegistrationTest" time="4.618" errors="0" timestamp="2026-02-17T12:36:34 IST" skipped="0">
  <testcase classname="testCases.TC001_AccountRegistrationTest" name="verifyAccountRegistration" time="2.481"/>
  <testcase classname="testCases.TC001_AccountRegistrationTest" name="verifyAccountRegistration" time="2.137"/>
</testsuite> <!-- testCases.TC001_AccountRegistrationTest -->
