<?xml version="1.0" encoding="UTF-8"?>
<testng-results ignored="0" total="2" passed="2" failed="0" skipped="0">
  <reporter-output>
  </reporter-output>
  <suite started-at="2026-03-17T14:48:41 IST" name="Default suite" finished-at="2026-03-17T14:48:52 IST" duration-ms="10379">
    <groups>
    </groups>
    <test started-at="2026-03-17T14:48:41 IST" name="Default test" finished-at="2026-03-17T14:48:52 IST" duration-ms="10379">
      <class name="testcases.LoginTestTestNG">
        <test-method is-config="true" signature="openbrowser()[pri:0, instance:testcases.LoginTestTestNG@c730b35]" started-at="2026-03-17T14:48:41 IST" name="openbrowser" finished-at="2026-03-17T14:48:46 IST" duration-ms="4345" status="PASS">
          <reporter-output>
          </reporter-output>
        </test-method> <!-- openbrowser -->
        <test-method signature="sucessfulLogin()[pri:1, instance:testcases.LoginTestTestNG@c730b35]" started-at="2026-03-17T14:48:46 IST" name="sucessfulLogin" finished-at="2026-03-17T14:48:47 IST" duration-ms="1509" status="PASS">
          <reporter-output>
          </reporter-output>
        </test-method> <!-- sucessfulLogin -->
        <test-method is-config="true" signature="closeBrowser()[pri:0, instance:testcases.LoginTestTestNG@c730b35]" started-at="2026-03-17T14:48:47 IST" name="closeBrowser" finished-at="2026-03-17T14:48:48 IST" duration-ms="210" status="PASS">
          <reporter-output>
          </reporter-output>
        </test-method> <!-- closeBrowser -->
        <test-method is-config="true" signature="openbrowser()[pri:0, instance:testcases.LoginTestTestNG@c730b35]" started-at="2026-03-17T14:48:48 IST" name="openbrowser" finished-at="2026-03-17T14:48:50 IST" duration-ms="2479" status="PASS">
          <reporter-output>
          </reporter-output>
        </test-method> <!-- openbrowser -->
        <test-method signature="unsucessfulLogin()[pri:2, instance:testcases.LoginTestTestNG@c730b35]" started-at="2026-03-17T14:48:50 IST" name="unsucessfulLogin" finished-at="2026-03-17T14:48:52 IST" duration-ms="1621" status="PASS">
          <reporter-output>
          </reporter-output>
        </test-method> <!-- unsucessfulLogin -->
        <test-method is-config="true" signature="closeBrowser()[pri:0, instance:testcases.LoginTestTestNG@c730b35]" started-at="2026-03-17T14:48:52 IST" name="closeBrowser" finished-at="2026-03-17T14:48:52 IST" duration-ms="175" status="PASS">
          <reporter-output>
          </reporter-output>
        </test-method> <!-- closeBrowser -->
      </class> <!-- testcases.LoginTestTestNG -->
    </test> <!-- Default test -->
  </suite> <!-- Default suite -->
</testng-results>
