<?xml version="1.0" encoding="UTF-8"?>
<testng-results ignored="0" total="1" passed="1" failed="0" skipped="0">
  <reporter-output>
  </reporter-output>
  <suite started-at="2026-02-16T10:08:38 IST" name="Default suite" finished-at="2026-02-16T10:08:48 IST" duration-ms="9893">
    <groups>
    </groups>
    <test started-at="2026-02-16T10:08:38 IST" name="Default test" finished-at="2026-02-16T10:08:48 IST" duration-ms="9893">
      <class name="pageObjectModel.OrangeHRMTest">
        <test-method is-config="true" signature="setup()[pri:0, instance:pageObjectModel.OrangeHRMTest@2f4948e4]" started-at="2026-02-16T10:08:38 IST" name="setup" finished-at="2026-02-16T10:08:42 IST" duration-ms="3593" status="PASS">
          <reporter-output>
          </reporter-output>
        </test-method> <!-- setup -->
        <test-method signature="testLogin()[pri:1, instance:pageObjectModel.OrangeHRMTest@2f4948e4]" started-at="2026-02-16T10:08:42 IST" name="testLogin" finished-at="2026-02-16T10:08:48 IST" duration-ms="6047" status="PASS">
          <reporter-output>
          </reporter-output>
        </test-method> <!-- testLogin -->
        <test-method is-config="true" signature="tearDown()[pri:0, instance:pageObjectModel.OrangeHRMTest@2f4948e4]" started-at="2026-02-16T10:08:48 IST" name="tearDown" finished-at="2026-02-16T10:08:48 IST" duration-ms="205" status="PASS">
          <reporter-output>
          </reporter-output>
        </test-method> <!-- tearDown -->
      </class> <!-- pageObjectModel.OrangeHRMTest -->
    </test> <!-- Default test -->
  </suite> <!-- Default suite -->
</testng-results>
