<?xml version="1.0" encoding="UTF-8"?>
<testng-results ignored="6" total="8" passed="2" failed="0" skipped="0">
  <reporter-output>
  </reporter-output>
  <suite started-at="2026-02-13T10:53:28 IST" name="gropingSuite" finished-at="2026-02-13T10:53:28 IST" duration-ms="63">
    <groups>
      <group name="functional">
        <method signature="PaymentTests.paymentInDollars()[pri:0, instance:dependenciesAndGrouping.grouping.PaymentTests@76505305]" name="paymentInDollars" class="dependenciesAndGrouping.grouping.PaymentTests"/>
        <method signature="PaymentTests.paymentInRupees()[pri:0, instance:dependenciesAndGrouping.grouping.PaymentTests@76505305]" name="paymentInRupees" class="dependenciesAndGrouping.grouping.PaymentTests"/>
      </group> <!-- functional -->
      <group name="regression">
        <method signature="PaymentTests.paymentInDollars()[pri:0, instance:dependenciesAndGrouping.grouping.PaymentTests@76505305]" name="paymentInDollars" class="dependenciesAndGrouping.grouping.PaymentTests"/>
        <method signature="PaymentTests.paymentInRupees()[pri:0, instance:dependenciesAndGrouping.grouping.PaymentTests@76505305]" name="paymentInRupees" class="dependenciesAndGrouping.grouping.PaymentTests"/>
      </group> <!-- regression -->
      <group name="sanity">
        <method signature="PaymentTests.paymentInDollars()[pri:0, instance:dependenciesAndGrouping.grouping.PaymentTests@76505305]" name="paymentInDollars" class="dependenciesAndGrouping.grouping.PaymentTests"/>
        <method signature="PaymentTests.paymentInRupees()[pri:0, instance:dependenciesAndGrouping.grouping.PaymentTests@76505305]" name="paymentInRupees" class="dependenciesAndGrouping.grouping.PaymentTests"/>
      </group> <!-- sanity -->
    </groups>
    <test started-at="2026-02-13T10:53:28 IST" name="groupingTests" finished-at="2026-02-13T10:53:28 IST" duration-ms="63">
      <class name="dependenciesAndGrouping.grouping.PaymentTests">
        <test-method signature="paymentInDollars()[pri:0, instance:dependenciesAndGrouping.grouping.PaymentTests@76505305]" started-at="2026-02-13T10:53:28 IST" name="paymentInDollars" finished-at="2026-02-13T10:53:28 IST" duration-ms="14" status="PASS">
          <reporter-output>
          </reporter-output>
        </test-method> <!-- paymentInDollars -->
        <test-method signature="paymentInRupees()[pri:0, instance:dependenciesAndGrouping.grouping.PaymentTests@76505305]" started-at="2026-02-13T10:53:28 IST" name="paymentInRupees" finished-at="2026-02-13T10:53:28 IST" duration-ms="2" status="PASS">
          <reporter-output>
          </reporter-output>
        </test-method> <!-- paymentInRupees -->
      </class> <!-- dependenciesAndGrouping.grouping.PaymentTests -->
    </test> <!-- groupingTests -->
  </suite> <!-- gropingSuite -->
</testng-results>
